2025-08-18 02:01:21,149 [Server thread] ERROR Dungeons2 | StyleSheetLoader.java:245 | Attempting to copy style to path -> /workspaces/sERVERDEMINE/servidor_minecraft/mods/dungeons2/styleSheet.json
2025-08-18 02:01:21,149 [Server thread] ERROR Dungeons2 | StyleSheetLoader.java:257 | Error exposing stylesheet resource to file system: 
java.io.FileNotFoundException: /workspaces/sERVERDEMINE/servidor_minecraft/mods/dungeons2/styleSheet.json (No such file or directory)
	at java.io.FileOutputStream.open0(Native Method) ~[?:1.8.0_462]
	at java.io.FileOutputStream.open(FileOutputStream.java:270) ~[?:1.8.0_462]
	at java.io.FileOutputStream.<init>(FileOutputStream.java:213) ~[?:1.8.0_462]
	at java.io.FileOutputStream.<init>(FileOutputStream.java:162) ~[?:1.8.0_462]
	at com.someguyssoftware.dungeons2.style.StyleSheetLoader.exposeStyleSheet(StyleSheetLoader.java:249) [StyleSheetLoader.class:mc1.12.2-f14.23.5.2859-v2.0.0]
	at com.someguyssoftware.dungeons2.Dungeons2.preInt(Dungeons2.java:147) [Dungeons2.class:mc1.12.2-f14.23.5.2859-v2.0.0]
	at sun.reflect.NativeMethodAccessorImpl.invoke0(Native Method) ~[?:1.8.0_462]
	at sun.reflect.NativeMethodAccessorImpl.invoke(NativeMethodAccessorImpl.java:62) ~[?:1.8.0_462]
	at sun.reflect.DelegatingMethodAccessorImpl.invoke(DelegatingMethodAccessorImpl.java:43) ~[?:1.8.0_462]
	at java.lang.reflect.Method.invoke(Method.java:498) ~[?:1.8.0_462]
	at net.minecraftforge.fml.common.FMLModContainer.handleModStateEvent(FMLModContainer.java:637) [FMLModContainer.class:?]
	at sun.reflect.GeneratedMethodAccessor9.invoke(Unknown Source) ~[?:?]
	at sun.reflect.DelegatingMethodAccessorImpl.invoke(DelegatingMethodAccessorImpl.java:43) ~[?:1.8.0_462]
	at java.lang.reflect.Method.invoke(Method.java:498) ~[?:1.8.0_462]
	at com.google.common.eventbus.Subscriber.invokeSubscriberMethod(Subscriber.java:91) [minecraft_server.1.12.2.jar:?]
	at com.google.common.eventbus.Subscriber$SynchronizedSubscriber.invokeSubscriberMethod(Subscriber.java:150) [minecraft_server.1.12.2.jar:?]
	at com.google.common.eventbus.Subscriber$1.run(Subscriber.java:76) [minecraft_server.1.12.2.jar:?]
	at com.google.common.util.concurrent.MoreExecutors$DirectExecutor.execute(MoreExecutors.java:399) [minecraft_server.1.12.2.jar:?]
	at com.google.common.eventbus.Subscriber.dispatchEvent(Subscriber.java:71) [minecraft_server.1.12.2.jar:?]
	at com.google.common.eventbus.Dispatcher$PerThreadQueuedDispatcher.dispatch(Dispatcher.java:116) [minecraft_server.1.12.2.jar:?]
	at com.google.common.eventbus.EventBus.post(EventBus.java:217) [minecraft_server.1.12.2.jar:?]
	at net.minecraftforge.fml.common.LoadController.sendEventToModContainer(LoadController.java:219) [LoadController.class:?]
	at net.minecraftforge.fml.common.LoadController.propogateStateMessage(LoadController.java:197) [LoadController.class:?]
	at sun.reflect.NativeMethodAccessorImpl.invoke0(Native Method) ~[?:1.8.0_462]
	at sun.reflect.NativeMethodAccessorImpl.invoke(NativeMethodAccessorImpl.java:62) ~[?:1.8.0_462]
	at sun.reflect.DelegatingMethodAccessorImpl.invoke(DelegatingMethodAccessorImpl.java:43) ~[?:1.8.0_462]
	at java.lang.reflect.Method.invoke(Method.java:498) ~[?:1.8.0_462]
	at com.google.common.eventbus.Subscriber.invokeSubscriberMethod(Subscriber.java:91) [minecraft_server.1.12.2.jar:?]
	at com.google.common.eventbus.Subscriber$SynchronizedSubscriber.invokeSubscriberMethod(Subscriber.java:150) [minecraft_server.1.12.2.jar:?]
	at com.google.common.eventbus.Subscriber$1.run(Subscriber.java:76) [minecraft_server.1.12.2.jar:?]
	at com.google.common.util.concurrent.MoreExecutors$DirectExecutor.execute(MoreExecutors.java:399) [minecraft_server.1.12.2.jar:?]
	at com.google.common.eventbus.Subscriber.dispatchEvent(Subscriber.java:71) [minecraft_server.1.12.2.jar:?]
	at com.google.common.eventbus.Dispatcher$PerThreadQueuedDispatcher.dispatch(Dispatcher.java:116) [minecraft_server.1.12.2.jar:?]
	at com.google.common.eventbus.EventBus.post(EventBus.java:217) [minecraft_server.1.12.2.jar:?]
	at net.minecraftforge.fml.common.LoadController.distributeStateMessage(LoadController.java:136) [LoadController.class:?]
	at net.minecraftforge.fml.common.Loader.preinitializeMods(Loader.java:629) [Loader.class:?]
	at net.minecraftforge.fml.server.FMLServerHandler.beginServerLoading(FMLServerHandler.java:99) [FMLServerHandler.class:?]
	at net.minecraftforge.fml.common.FMLCommonHandler.onServerStart(FMLCommonHandler.java:333) [FMLCommonHandler.class:?]
	at net.minecraft.server.dedicated.DedicatedServer.func_71197_b(DedicatedServer.java:125) [nz.class:?]
	at net.minecraft.server.MinecraftServer.run(MinecraftServer.java:486) [MinecraftServer.class:?]
	at java.lang.Thread.run(Thread.java:750) [?:1.8.0_462]
2025-08-18 02:01:21,158 [Server thread] ERROR Dungeons2 | SpawnSheetLoader.java:207 | Error exposing spawnsheet resource to file system.
2025-08-18 02:01:24,839 [Server thread] ERROR Dungeons2 | DungeonsWorldGen.java:154 | Error loading Style/Chest/Spawn sheet: 
java.nio.file.NoSuchFileException: mods/dungeons2/styleSheets
	at sun.nio.fs.UnixException.translateToIOException(UnixException.java:86) ~[?:1.8.0_462]
	at sun.nio.fs.UnixException.rethrowAsIOException(UnixException.java:102) ~[?:1.8.0_462]
	at sun.nio.fs.UnixException.rethrowAsIOException(UnixException.java:107) ~[?:1.8.0_462]
	at sun.nio.fs.UnixFileSystemProvider.createDirectory(UnixFileSystemProvider.java:384) ~[?:1.8.0_462]
	at java.nio.file.Files.createDirectory(Files.java:674) ~[?:1.8.0_462]
	at com.someguyssoftware.dungeons2.worldgen.DungeonsWorldGen.init(DungeonsWorldGen.java:131) [DungeonsWorldGen.class:mc1.12.2-f14.23.5.2859-v2.0.0]
	at com.someguyssoftware.dungeons2.worldgen.DungeonsWorldGen.<init>(DungeonsWorldGen.java:94) [DungeonsWorldGen.class:mc1.12.2-f14.23.5.2859-v2.0.0]
	at com.someguyssoftware.dungeons2.Dungeons2.init(Dungeons2.java:173) [Dungeons2.class:mc1.12.2-f14.23.5.2859-v2.0.0]
	at sun.reflect.NativeMethodAccessorImpl.invoke0(Native Method) ~[?:1.8.0_462]
	at sun.reflect.NativeMethodAccessorImpl.invoke(NativeMethodAccessorImpl.java:62) ~[?:1.8.0_462]
	at sun.reflect.DelegatingMethodAccessorImpl.invoke(DelegatingMethodAccessorImpl.java:43) ~[?:1.8.0_462]
	at java.lang.reflect.Method.invoke(Method.java:498) ~[?:1.8.0_462]
	at net.minecraftforge.fml.common.FMLModContainer.handleModStateEvent(FMLModContainer.java:637) [FMLModContainer.class:?]
	at sun.reflect.GeneratedMethodAccessor9.invoke(Unknown Source) ~[?:?]
	at sun.reflect.DelegatingMethodAccessorImpl.invoke(DelegatingMethodAccessorImpl.java:43) ~[?:1.8.0_462]
	at java.lang.reflect.Method.invoke(Method.java:498) ~[?:1.8.0_462]
	at com.google.common.eventbus.Subscriber.invokeSubscriberMethod(Subscriber.java:91) [minecraft_server.1.12.2.jar:?]
	at com.google.common.eventbus.Subscriber$SynchronizedSubscriber.invokeSubscriberMethod(Subscriber.java:150) [minecraft_server.1.12.2.jar:?]
	at com.google.common.eventbus.Subscriber$1.run(Subscriber.java:76) [minecraft_server.1.12.2.jar:?]
	at com.google.common.util.concurrent.MoreExecutors$DirectExecutor.execute(MoreExecutors.java:399) [minecraft_server.1.12.2.jar:?]
	at com.google.common.eventbus.Subscriber.dispatchEvent(Subscriber.java:71) [minecraft_server.1.12.2.jar:?]
	at com.google.common.eventbus.Dispatcher$PerThreadQueuedDispatcher.dispatch(Dispatcher.java:116) [minecraft_server.1.12.2.jar:?]
	at com.google.common.eventbus.EventBus.post(EventBus.java:217) [minecraft_server.1.12.2.jar:?]
	at net.minecraftforge.fml.common.LoadController.sendEventToModContainer(LoadController.java:219) [LoadController.class:?]
	at net.minecraftforge.fml.common.LoadController.propogateStateMessage(LoadController.java:197) [LoadController.class:?]
	at sun.reflect.NativeMethodAccessorImpl.invoke0(Native Method) ~[?:1.8.0_462]
	at sun.reflect.NativeMethodAccessorImpl.invoke(NativeMethodAccessorImpl.java:62) ~[?:1.8.0_462]
	at sun.reflect.DelegatingMethodAccessorImpl.invoke(DelegatingMethodAccessorImpl.java:43) ~[?:1.8.0_462]
	at java.lang.reflect.Method.invoke(Method.java:498) ~[?:1.8.0_462]
	at com.google.common.eventbus.Subscriber.invokeSubscriberMethod(Subscriber.java:91) [minecraft_server.1.12.2.jar:?]
	at com.google.common.eventbus.Subscriber$SynchronizedSubscriber.invokeSubscriberMethod(Subscriber.java:150) [minecraft_server.1.12.2.jar:?]
	at com.google.common.eventbus.Subscriber$1.run(Subscriber.java:76) [minecraft_server.1.12.2.jar:?]
	at com.google.common.util.concurrent.MoreExecutors$DirectExecutor.execute(MoreExecutors.java:399) [minecraft_server.1.12.2.jar:?]
	at com.google.common.eventbus.Subscriber.dispatchEvent(Subscriber.java:71) [minecraft_server.1.12.2.jar:?]
	at com.google.common.eventbus.Dispatcher$PerThreadQueuedDispatcher.dispatch(Dispatcher.java:116) [minecraft_server.1.12.2.jar:?]
	at com.google.common.eventbus.EventBus.post(EventBus.java:217) [minecraft_server.1.12.2.jar:?]
	at net.minecraftforge.fml.common.LoadController.distributeStateMessage(LoadController.java:136) [LoadController.class:?]
	at net.minecraftforge.fml.common.Loader.initializeMods(Loader.java:749) [Loader.class:?]
	at net.minecraftforge.fml.server.FMLServerHandler.finishServerLoading(FMLServerHandler.java:108) [FMLServerHandler.class:?]
	at net.minecraftforge.fml.common.FMLCommonHandler.onServerStarted(FMLCommonHandler.java:338) [FMLCommonHandler.class:?]
	at net.minecraft.server.dedicated.DedicatedServer.func_71197_b(DedicatedServer.java:219) [nz.class:?]
	at net.minecraft.server.MinecraftServer.run(MinecraftServer.java:486) [MinecraftServer.class:?]
	at java.lang.Thread.run(Thread.java:750) [?:1.8.0_462]
2025-08-18 02:01:25,190 [Server thread] INFO GottschCore | VersionChecker.java:110 | [gottschcore] Starting version check at https://raw.githubusercontent.com/gottsch/gottsch-minecraft-GottschCore/1.12.2-master/update.json
2025-08-18 02:01:25,200 [Server thread] INFO GottschCore | VersionChecker.java:110 | [dungeons2] Starting version check at https://raw.githubusercontent.com/gottsch/gottsch-minecraft-Dungeons2/1.12.2-master/update.json
2025-08-18 02:05:58,581 [Server thread] INFO Dungeons2 | DungeonsWorldGen.java:207 | failed probability -> Coords [x=279, y=64, z=23]
2025-08-18 02:05:58,584 [Server thread] INFO Dungeons2 | DungeonsWorldGen.java:243 | failed and place holder -> DungeonInfo [coords=Coords [x=279, y=64, z=23], levels=0, minX=0, maxX=0, minY=0, maxY=0, minZ=0, maxZ=0, themeName=null, bossChestCoords=null, pattern=null, levelSize=null, size=null, direction=null]
2025-08-18 03:33:38,566 [Server thread] INFO Dungeons2 | DungeonsWorldGen.java:221 | deferred placerholder -> DungeonInfo [coords=Coords [x=-249, y=64, z=631], levels=0, minX=0, maxX=0, minY=0, maxY=0, minZ=0, maxZ=0, themeName=null, bossChestCoords=null, pattern=null, levelSize=null, size=null, direction=null]
2025-08-20 00:27:25,423 [Server thread] ERROR Dungeons2 | StyleSheetLoader.java:245 | Attempting to copy style to path -> /workspaces/sERVERDEMINE/servidor_minecraft/mods/dungeons2/styleSheet.json
2025-08-20 00:27:29,987 [Server thread] ERROR GottschCore | LootTableMaster.java:208 | is file system loot table current -> true
2025-08-20 00:27:29,989 [Server thread] ERROR GottschCore | LootTableMaster.java:208 | is file system loot table current -> true
2025-08-20 00:27:29,991 [Server thread] ERROR GottschCore | LootTableMaster.java:208 | is file system loot table current -> true
2025-08-20 00:27:29,994 [Server thread] ERROR GottschCore | LootTableMaster.java:208 | is file system loot table current -> true
2025-08-20 00:27:29,997 [Server thread] ERROR GottschCore | LootTableMaster.java:208 | is file system loot table current -> true
2025-08-20 00:27:30,012 [Server thread] ERROR GottschCore | LootTableMaster.java:208 | is file system loot table current -> true
2025-08-20 00:27:30,013 [Server thread] ERROR GottschCore | LootTableMaster.java:208 | is file system loot table current -> true
2025-08-20 00:27:30,015 [Server thread] ERROR GottschCore | LootTableMaster.java:208 | is file system loot table current -> true
2025-08-20 00:27:30,016 [Server thread] ERROR GottschCore | LootTableMaster.java:208 | is file system loot table current -> true
2025-08-20 00:27:30,017 [Server thread] ERROR GottschCore | LootTableMaster.java:208 | is file system loot table current -> true
2025-08-20 00:27:30,019 [Server thread] ERROR GottschCore | LootTableMaster.java:208 | is file system loot table current -> true
2025-08-20 00:27:30,020 [Server thread] ERROR GottschCore | LootTableMaster.java:208 | is file system loot table current -> true
2025-08-20 00:27:30,021 [Server thread] ERROR GottschCore | LootTableMaster.java:208 | is file system loot table current -> true
2025-08-20 00:27:30,021 [Server thread] ERROR GottschCore | LootTableMaster.java:208 | is file system loot table current -> true
2025-08-20 00:27:30,023 [Server thread] ERROR GottschCore | LootTableMaster.java:208 | is file system loot table current -> true
2025-08-20 00:27:30,025 [Server thread] ERROR GottschCore | LootTableMaster.java:208 | is file system loot table current -> true
2025-08-20 00:27:30,026 [Server thread] ERROR GottschCore | LootTableMaster.java:208 | is file system loot table current -> true
2025-08-20 00:27:30,028 [Server thread] ERROR GottschCore | LootTableMaster.java:208 | is file system loot table current -> true
2025-08-20 00:27:30,029 [Server thread] ERROR GottschCore | LootTableMaster.java:208 | is file system loot table current -> true
2025-08-20 00:27:30,031 [Server thread] ERROR GottschCore | LootTableMaster.java:208 | is file system loot table current -> true
2025-08-20 00:27:30,033 [Server thread] ERROR GottschCore | LootTableMaster.java:208 | is file system loot table current -> true
2025-08-20 00:27:30,034 [Server thread] ERROR GottschCore | LootTableMaster.java:208 | is file system loot table current -> true
2025-08-20 00:27:30,035 [Server thread] ERROR GottschCore | LootTableMaster.java:208 | is file system loot table current -> true
2025-08-20 00:27:30,037 [Server thread] ERROR GottschCore | LootTableMaster.java:208 | is file system loot table current -> true
2025-08-20 00:27:30,038 [Server thread] ERROR GottschCore | LootTableMaster.java:208 | is file system loot table current -> true
2025-08-20 00:27:30,039 [Server thread] ERROR GottschCore | LootTableMaster.java:208 | is file system loot table current -> true
2025-08-20 00:27:30,040 [Server thread] ERROR GottschCore | LootTableMaster.java:208 | is file system loot table current -> true
2025-08-20 00:27:30,041 [Server thread] ERROR GottschCore | LootTableMaster.java:208 | is file system loot table current -> true
2025-08-20 00:27:30,042 [Server thread] ERROR GottschCore | LootTableMaster.java:208 | is file system loot table current -> true
2025-08-20 00:27:30,042 [Server thread] ERROR GottschCore | LootTableMaster.java:208 | is file system loot table current -> true
2025-08-20 00:27:30,265 [Server thread] INFO GottschCore | VersionChecker.java:110 | [gottschcore] Starting version check at https://raw.githubusercontent.com/gottsch/gottsch-minecraft-GottschCore/1.12.2-master/update.json
2025-08-20 00:27:30,275 [Server thread] INFO GottschCore | VersionChecker.java:110 | [dungeons2] Starting version check at https://raw.githubusercontent.com/gottsch/gottsch-minecraft-Dungeons2/1.12.2-master/update.json
2025-08-20 00:27:50,773 [Server thread] WARN Dungeons2 | DungeonBuilderTopDown.java:391 | Unable to generate Level: 0
2025-08-20 00:58:16,536 [Server thread] INFO Dungeons2 | DungeonsWorldGen.java:221 | deferred placerholder -> DungeonInfo [coords=Coords [x=-393, y=64, z=7], levels=0, minX=0, maxX=0, minY=0, maxY=0, minZ=0, maxZ=0, themeName=null, bossChestCoords=null, pattern=null, levelSize=null, size=null, direction=null]
2025-08-20 01:11:24,859 [Server thread] INFO Dungeons2 | DungeonsWorldGen.java:221 | deferred placerholder -> DungeonInfo [coords=Coords [x=359, y=64, z=631], levels=0, minX=0, maxX=0, minY=0, maxY=0, minZ=0, maxZ=0, themeName=null, bossChestCoords=null, pattern=null, levelSize=null, size=null, direction=null]
2025-08-20 01:11:24,934 [Server thread] WARN Dungeons2 | RotatorRegistry.java:68 | The class has already been registered.
2025-08-20 01:11:25,083 [Server thread] INFO Dungeons2 | DeferredDungeonGeneratorTileEntity.java:142 | generated info -> DungeonInfo [coords=Coords [x=345, y=68, z=641], levels=2, minX=337, maxX=382, minY=45, maxY=60, minZ=610, maxZ=655, themeName=standard, bossChestCoords=null, pattern=null, levelSize=null, size=null, direction=null]
2025-08-20 01:11:25,083 [Server thread] INFO Dungeons2 | DeferredDungeonGeneratorTileEntity.java:150 | dungeon generated -> 359 64 631
